# JRE version: OpenJDK Runtime Environment Temurin-17.0.11+9 (17.0.11+9) (build 17.0.11+9)
# Java VM: OpenJDK 64-Bit Server VM Temurin-17.0.11+9 (17.0.11+9, mixed mode, tiered, compressed oops, compressed class ptrs, parallel gc, windows-amd64)
GC Precious Log:
 CPUs: 8 total, 8 available
 Memory: 16249M
 Large Page Support: Disabled
 NUMA Support: Disabled
 Compressed Oops: Enabled (32-bit)
 Alignments: Space 512K, Generation 512K, Heap 2M
 Heap Min Capacity: 100M
 Heap Initial Capacity: 100M
 Heap Max Capacity: 1G
 Pre-touch: Disabled
 Parallel Workers: 8
Heap:
 PSYoungGen      total 3072K, used 2165K [0x00000000eab00000, 0x00000000eb080000, 0x0000000100000000)
  eden space 2048K, 57% used [0x00000000eab00000,0x00000000eac25450,0x00000000ead00000)
  from space 1024K, 96% used [0x00000000eae80000,0x00000000eaf78040,0x00000000eaf80000)
  to   space 1536K, 0% used [0x00000000ead00000,0x00000000ead00000,0x00000000eae80000)
 ParOldGen       total 119296K, used 116987K [0x00000000c0000000, 0x00000000c7480000, 0x00000000eab00000)
  object space 119296K, 98% used [0x00000000c0000000,0x00000000c723ef18,0x00000000c7480000)
 Metaspace       used 88077K, committed 89344K, reserved 1179648K
  class space    used 8936K, committed 9472K, reserved 1048576K
GC Heap History (20 events):
Event: 726.323 GC heap before
{Heap before GC invocations=1974 (full 46):
 PSYoungGen      total 3584K, used 3136K [0x00000000eab00000, 0x00000000eb080000, 0x0000000100000000)
  eden space 2560K, 100% used [0x00000000eab00000,0x00000000ead80000,0x00000000ead80000)
  from space 1024K, 56% used [0x00000000eaf80000,0x00000000eb010020,0x00000000eb080000)
  to   space 1024K, 0% used [0x00000000eae80000,0x00000000eae80000,0x00000000eaf80000)
 ParOldGen       total 119296K, used 114918K [0x00000000c0000000, 0x00000000c7480000, 0x00000000eab00000)
  object space 119296K, 96% used [0x00000000c0000000,0x00000000c70399b0,0x00000000c7480000)
 Metaspace       used 88077K, committed 89344K, reserved 1179648K
  class space    used 8936K, committed 9472K, reserved 1048576K
}
Event: 726.324 GC heap after
{Heap after GC invocations=1974 (full 46):
 PSYoungGen      total 3584K, used 288K [0x00000000eab00000, 0x00000000eb000000, 0x0000000100000000)
  eden space 2560K, 0% used [0x00000000eab00000,0x00000000eab00000,0x00000000ead80000)
  from space 1024K, 28% used [0x00000000eae80000,0x00000000eaec8020,0x00000000eaf80000)
  to   space 512K, 0% used [0x00000000eaf80000,0x00000000eaf80000,0x00000000eb000000)
 ParOldGen       total 119296K, used 114942K [0x00000000c0000000, 0x00000000c7480000, 0x00000000eab00000)
  object space 119296K, 96% used [0x00000000c0000000,0x00000000c703f9b0,0x00000000c7480000)
 Metaspace       used 88077K, committed 89344K, reserved 1179648K
  class space    used 8936K, committed 9472K, reserved 1048576K
}
Event: 726.640 GC heap before
{Heap before GC invocations=1975 (full 46):
 PSYoungGen      total 3584K, used 2848K [0x00000000eab00000, 0x00000000eb000000, 0x0000000100000000)
  eden space 2560K, 99% used [0x00000000eab00000,0x00000000ead7ffe8,0x00000000ead80000)
  from space 1024K, 28% used [0x00000000eae80000,0x00000000eaec8020,0x00000000eaf80000)
  to   space 512K, 0% used [0x00000000eaf80000,0x00000000eaf80000,0x00000000eb000000)
 ParOldGen       total 119296K, used 114942K [0x00000000c0000000, 0x00000000c7480000, 0x00000000eab00000)
  object space 119296K, 96% used [0x00000000c0000000,0x00000000c703f9b0,0x00000000c7480000)
 Metaspace       used 88077K, committed 89344K, reserved 1179648K
  class space    used 8936K, committed 9472K, reserved 1048576K
}
Event: 726.641 GC heap after
{Heap after GC invocations=1975 (full 46):
 PSYoungGen      total 3072K, used 224K [0x00000000eab00000, 0x00000000eb000000, 0x0000000100000000)
  eden space 2560K, 0% used [0x00000000eab00000,0x00000000eab00000,0x00000000ead80000)
  from space 512K, 43% used [0x00000000eaf80000,0x00000000eafb8000,0x00000000eb000000)
  to   space 512K, 0% used [0x00000000eaf00000,0x00000000eaf00000,0x00000000eaf80000)
 ParOldGen       total 119296K, used 114942K [0x00000000c0000000, 0x00000000c7480000, 0x00000000eab00000)
  object space 119296K, 96% used [0x00000000c0000000,0x00000000c703f9b0,0x00000000c7480000)
 Metaspace       used 88077K, committed 89344K, reserved 1179648K
  class space    used 8936K, committed 9472K, reserved 1048576K
}
Event: 726.721 GC heap before
{Heap before GC invocations=1976 (full 46):
 PSYoungGen      total 3072K, used 2784K [0x00000000eab00000, 0x00000000eb000000, 0x0000000100000000)
  eden space 2560K, 100% used [0x00000000eab00000,0x00000000ead80000,0x00000000ead80000)
  from space 512K, 43% used [0x00000000eaf80000,0x00000000eafb8000,0x00000000eb000000)
  to   space 512K, 0% used [0x00000000eaf00000,0x00000000eaf00000,0x00000000eaf80000)
 ParOldGen       total 119296K, used 114942K [0x00000000c0000000, 0x00000000c7480000, 0x00000000eab00000)
  object space 119296K, 96% used [0x00000000c0000000,0x00000000c703f9b0,0x00000000c7480000)
 Metaspace       used 88077K, committed 89344K, reserved 1179648K
  class space    used 8936K, committed 9472K, reserved 1048576K
}
Event: 726.722 GC heap after
{Heap after GC invocations=1976 (full 46):
 PSYoungGen      total 3072K, used 480K [0x00000000eab00000, 0x00000000eb000000, 0x0000000100000000)
  eden space 2560K, 0% used [0x00000000eab00000,0x00000000eab00000,0x00000000ead80000)
  from space 512K, 93% used [0x00000000eaf00000,0x00000000eaf78020,0x00000000eaf80000)
  to   space 512K, 0% used [0x00000000eaf80000,0x00000000eaf80000,0x00000000eb000000)
 ParOldGen       total 119296K, used 115267K [0x00000000c0000000, 0x00000000c7480000, 0x00000000eab00000)
  object space 119296K, 96% used [0x00000000c0000000,0x00000000c7090e70,0x00000000c7480000)
 Metaspace       used 88077K, committed 89344K, reserved 1179648K
  class space    used 8936K, committed 9472K, reserved 1048576K
}
Event: 727.034 GC heap before
{Heap before GC invocations=1977 (full 46):
 PSYoungGen      total 3072K, used 3040K [0x00000000eab00000, 0x00000000eb000000, 0x0000000100000000)
  eden space 2560K, 100% used [0x00000000eab00000,0x00000000ead80000,0x00000000ead80000)
  from space 512K, 93% used [0x00000000eaf00000,0x00000000eaf78020,0x00000000eaf80000)
  to   space 512K, 0% used [0x00000000eaf80000,0x00000000eaf80000,0x00000000eb000000)
 ParOldGen       total 119296K, used 115267K [0x00000000c0000000, 0x00000000c7480000, 0x00000000eab00000)
  object space 119296K, 96% used [0x00000000c0000000,0x00000000c7090e70,0x00000000c7480000)
 Metaspace       used 88077K, committed 89344K, reserved 1179648K
  class space    used 8936K, committed 9472K, reserved 1048576K
}
Event: 727.035 GC heap after
{Heap after GC invocations=1977 (full 46):
 PSYoungGen      total 3072K, used 496K [0x00000000eab00000, 0x00000000eb080000, 0x0000000100000000)
  eden space 2560K, 0% used [0x00000000eab00000,0x00000000eab00000,0x00000000ead80000)
  from space 512K, 96% used [0x00000000eaf80000,0x00000000eaffc030,0x00000000eb000000)
  to   space 1536K, 0% used [0x00000000ead80000,0x00000000ead80000,0x00000000eaf00000)
 ParOldGen       total 119296K, used 115865K [0x00000000c0000000, 0x00000000c7480000, 0x00000000eab00000)
  object space 119296K, 97% used [0x00000000c0000000,0x00000000c71267c8,0x00000000c7480000)
 Metaspace       used 88077K, committed 89344K, reserved 1179648K
  class space    used 8936K, committed 9472K, reserved 1048576K
}
Event: 727.049 GC heap before
{Heap before GC invocations=1978 (full 46):
 PSYoungGen      total 3072K, used 3056K [0x00000000eab00000, 0x00000000eb080000, 0x0000000100000000)
  eden space 2560K, 100% used [0x00000000eab00000,0x00000000ead80000,0x00000000ead80000)
  from space 512K, 96% used [0x00000000eaf80000,0x00000000eaffc030,0x00000000eb000000)
  to   space 1536K, 0% used [0x00000000ead80000,0x00000000ead80000,0x00000000eaf00000)
 ParOldGen       total 119296K, used 115865K [0x00000000c0000000, 0x00000000c7480000, 0x00000000eab00000)
  object space 119296K, 97% used [0x00000000c0000000,0x00000000c71267c8,0x00000000c7480000)
 Metaspace       used 88077K, committed 89344K, reserved 1179648K
  class space    used 8936K, committed 9472K, reserved 1048576K
}
Event: 727.051 GC heap after
{Heap after GC invocations=1978 (full 46):
 PSYoungGen      total 4096K, used 976K [0x00000000eab00000, 0x00000000eb000000, 0x0000000100000000)
  eden space 2560K, 0% used [0x00000000eab00000,0x00000000eab00000,0x00000000ead80000)
  from space 1536K, 63% used [0x00000000ead80000,0x00000000eae74010,0x00000000eaf00000)
  to   space 1024K, 0% used [0x00000000eaf00000,0x00000000eaf00000,0x00000000eb000000)
 ParOldGen       total 119296K, used 116365K [0x00000000c0000000, 0x00000000c7480000, 0x00000000eab00000)
  object space 119296K, 97% used [0x00000000c0000000,0x00000000c71a3478,0x00000000c7480000)
 Metaspace       used 88077K, committed 89344K, reserved 1179648K
  class space    used 8936K, committed 9472K, reserved 1048576K
}
Event: 727.515 GC heap before
{Heap before GC invocations=1979 (full 46):
 PSYoungGen      total 4096K, used 3536K [0x00000000eab00000, 0x00000000eb000000, 0x0000000100000000)
  eden space 2560K, 100% used [0x00000000eab00000,0x00000000ead80000,0x00000000ead80000)
  from space 1536K, 63% used [0x00000000ead80000,0x00000000eae74010,0x00000000eaf00000)
  to   space 1024K, 0% used [0x00000000eaf00000,0x00000000eaf00000,0x00000000eb000000)
 ParOldGen       total 119296K, used 116365K [0x00000000c0000000, 0x00000000c7480000, 0x00000000eab00000)
  object space 119296K, 97% used [0x00000000c0000000,0x00000000c71a3478,0x00000000c7480000)
 Metaspace       used 88077K, committed 89344K, reserved 1179648K
  class space    used 8936K, committed 9472K, reserved 1048576K
}
Event: 727.516 GC heap after
{Heap after GC invocations=1979 (full 46):
 PSYoungGen      total 3072K, used 320K [0x00000000eab00000, 0x00000000eaf80000, 0x0000000100000000)
  eden space 2560K, 0% used [0x00000000eab00000,0x00000000eab00000,0x00000000ead80000)
  from space 512K, 62% used [0x00000000eaf00000,0x00000000eaf50020,0x00000000eaf80000)
  to   space 1024K, 0% used [0x00000000ead80000,0x00000000ead80000,0x00000000eae80000)
 ParOldGen       total 119296K, used 116493K [0x00000000c0000000, 0x00000000c7480000, 0x00000000eab00000)
  object space 119296K, 97% used [0x00000000c0000000,0x00000000c71c3478,0x00000000c7480000)
 Metaspace       used 88077K, committed 89344K, reserved 1179648K
  class space    used 8936K, committed 9472K, reserved 1048576K
}
Event: 727.651 GC heap before
{Heap before GC invocations=1980 (full 46):
 PSYoungGen      total 3072K, used 2880K [0x00000000eab00000, 0x00000000eaf80000, 0x0000000100000000)
  eden space 2560K, 100% used [0x00000000eab00000,0x00000000ead80000,0x00000000ead80000)
  from space 512K, 62% used [0x00000000eaf00000,0x00000000eaf50020,0x00000000eaf80000)
  to   space 1024K, 0% used [0x00000000ead80000,0x00000000ead80000,0x00000000eae80000)
 ParOldGen       total 119296K, used 116493K [0x00000000c0000000, 0x00000000c7480000, 0x00000000eab00000)
  object space 119296K, 97% used [0x00000000c0000000,0x00000000c71c3478,0x00000000c7480000)
 Metaspace       used 88077K, committed 89344K, reserved 1179648K
  class space    used 8936K, committed 9472K, reserved 1048576K
}
Event: 727.652 GC heap after
{Heap after GC invocations=1980 (full 46):
 PSYoungGen      total 3584K, used 800K [0x00000000eab00000, 0x00000000eaf80000, 0x0000000100000000)
  eden space 2560K, 0% used [0x00000000eab00000,0x00000000eab00000,0x00000000ead80000)
  from space 1024K, 78% used [0x00000000ead80000,0x00000000eae48000,0x00000000eae80000)
  to   space 1024K, 0% used [0x00000000eae80000,0x00000000eae80000,0x00000000eaf80000)
 ParOldGen       total 119296K, used 116611K [0x00000000c0000000, 0x00000000c7480000, 0x00000000eab00000)
  object space 119296K, 97% used [0x00000000c0000000,0x00000000c71e0ed8,0x00000000c7480000)
 Metaspace       used 88077K, committed 89344K, reserved 1179648K
  class space    used 8936K, committed 9472K, reserved 1048576K
}
Event: 727.715 GC heap before
{Heap before GC invocations=1981 (full 46):
 PSYoungGen      total 3584K, used 3360K [0x00000000eab00000, 0x00000000eaf80000, 0x0000000100000000)
  eden space 2560K, 100% used [0x00000000eab00000,0x00000000ead80000,0x00000000ead80000)
  from space 1024K, 78% used [0x00000000ead80000,0x00000000eae48000,0x00000000eae80000)
  to   space 1024K, 0% used [0x00000000eae80000,0x00000000eae80000,0x00000000eaf80000)
 ParOldGen       total 119296K, used 116611K [0x00000000c0000000, 0x00000000c7480000, 0x00000000eab00000)
  object space 119296K, 97% used [0x00000000c0000000,0x00000000c71e0ed8,0x00000000c7480000)
 Metaspace       used 88077K, committed 89344K, reserved 1179648K
  class space    used 8936K, committed 9472K, reserved 1048576K
}
Event: 727.716 GC heap after
{Heap after GC invocations=1981 (full 46):
 PSYoungGen      total 3584K, used 800K [0x00000000eab00000, 0x00000000eaf80000, 0x0000000100000000)
  eden space 2560K, 0% used [0x00000000eab00000,0x00000000eab00000,0x00000000ead80000)
  from space 1024K, 78% used [0x00000000eae80000,0x00000000eaf48000,0x00000000eaf80000)
  to   space 1024K, 0% used [0x00000000ead80000,0x00000000ead80000,0x00000000eae80000)
 ParOldGen       total 119296K, used 116611K [0x00000000c0000000, 0x00000000c7480000, 0x00000000eab00000)
  object space 119296K, 97% used [0x00000000c0000000,0x00000000c71e0ed8,0x00000000c7480000)
 Metaspace       used 88077K, committed 89344K, reserved 1179648K
  class space    used 8936K, committed 9472K, reserved 1048576K
}
Event: 728.032 GC heap before
{Heap before GC invocations=1982 (full 46):
 PSYoungGen      total 3584K, used 3360K [0x00000000eab00000, 0x00000000eaf80000, 0x0000000100000000)
  eden space 2560K, 100% used [0x00000000eab00000,0x00000000ead80000,0x00000000ead80000)
  from space 1024K, 78% used [0x00000000eae80000,0x00000000eaf48000,0x00000000eaf80000)
  to   space 1024K, 0% used [0x00000000ead80000,0x00000000ead80000,0x00000000eae80000)
 ParOldGen       total 119296K, used 116611K [0x00000000c0000000, 0x00000000c7480000, 0x00000000eab00000)
  object space 119296K, 97% used [0x00000000c0000000,0x00000000c71e0ed8,0x00000000c7480000)
 Metaspace       used 88077K, committed 89344K, reserved 1179648K
  class space    used 8936K, committed 9472K, reserved 1048576K
}
Event: 728.033 GC heap after
{Heap after GC invocations=1982 (full 46):
 PSYoungGen      total 3584K, used 752K [0x00000000eab00000, 0x00000000eaf80000, 0x0000000100000000)
  eden space 2560K, 0% used [0x00000000eab00000,0x00000000eab00000,0x00000000ead80000)
  from space 1024K, 73% used [0x00000000ead80000,0x00000000eae3c030,0x00000000eae80000)
  to   space 1024K, 0% used [0x00000000eae80000,0x00000000eae80000,0x00000000eaf80000)
 ParOldGen       total 119296K, used 116611K [0x00000000c0000000, 0x00000000c7480000, 0x00000000eab00000)
  object space 119296K, 97% used [0x00000000c0000000,0x00000000c71e0ed8,0x00000000c7480000)
 Metaspace       used 88077K, committed 89344K, reserved 1179648K
  class space    used 8936K, committed 9472K, reserved 1048576K
}
Event: 728.188 GC heap before
{Heap before GC invocations=1983 (full 46):
 PSYoungGen      total 3584K, used 3312K [0x00000000eab00000, 0x00000000eaf80000, 0x0000000100000000)
  eden space 2560K, 100% used [0x00000000eab00000,0x00000000ead80000,0x00000000ead80000)
  from space 1024K, 73% used [0x00000000ead80000,0x00000000eae3c030,0x00000000eae80000)
  to   space 1024K, 0% used [0x00000000eae80000,0x00000000eae80000,0x00000000eaf80000)
 ParOldGen       total 119296K, used 116611K [0x00000000c0000000, 0x00000000c7480000, 0x00000000eab00000)
  object space 119296K, 97% used [0x00000000c0000000,0x00000000c71e0ed8,0x00000000c7480000)
 Metaspace       used 88077K, committed 89344K, reserved 1179648K
  class space    used 8936K, committed 9472K, reserved 1048576K
}
Event: 728.189 GC heap after
{Heap after GC invocations=1983 (full 46):
 PSYoungGen      total 3072K, used 992K [0x00000000eab00000, 0x00000000eb080000, 0x0000000100000000)
  eden space 2048K, 0% used [0x00000000eab00000,0x00000000eab00000,0x00000000ead00000)
  from space 1024K, 96% used [0x00000000eae80000,0x00000000eaf78040,0x00000000eaf80000)
  to   space 1536K, 0% used [0x00000000ead00000,0x00000000ead00000,0x00000000eae80000)
 ParOldGen       total 119296K, used 116987K [0x00000000c0000000, 0x00000000c7480000, 0x00000000eab00000)
  object space 119296K, 98% used [0x00000000c0000000,0x00000000c723ef18,0x00000000c7480000)
 Metaspace       used 88077K, committed 89344K, reserved 1179648K
  class space    used 8936K, committed 9472K, reserved 1048576K
}

